androidcodestudioproject/xQuickSettings/app/build/intermediates/manifest_merge_blame_file/debug/processDebugMainManifest/manifest-merger-blame-debug-report.txt
1<?xml version="1.0" encoding="utf-8"?>
2<manifest xmlns:android="http://schemas.android.com/apk/res/android"
3    package="com.xthan.xquicksettings"
4    android:versionCode="1"
5    android:versionName="1.0" >
6
7    <uses-sdk
8        android:minSdkVersion="30"
9        android:targetSdkVersion="34" />
10
11    <uses-permission android:name="android.permission.WRITE_SETTINGS" />
11-->src/main/AndroidManifest.xml:5:5-73
11-->src/main/AndroidManifest.xml:5:22-70
12    <uses-permission android:name="android.permission.SYSTEM_ALERT_WINDOW" />
12-->src/main/AndroidManifest.xml:6:5-78
12-->src/main/AndroidManifest.xml:6:22-75
13
14    <permission
14-->[androidx.core:core:1.17.0] AndroidManifest.xml:22:5-24:47
15        android:name="com.xthan.xquicksettings.DYNAMIC_RECEIVER_NOT_EXPORTED_PERMISSION"
15-->[androidx.core:core:1.17.0] AndroidManifest.xml:23:9-81
16        android:protectionLevel="signature" />
16-->[androidx.core:core:1.17.0] AndroidManifest.xml:24:9-44
17
18    <uses-permission android:name="com.xthan.xquicksettings.DYNAMIC_RECEIVER_NOT_EXPORTED_PERMISSION" />
18-->[androidx.core:core:1.17.0] AndroidManifest.xml:26:5-97
18-->[androidx.core:core:1.17.0] AndroidManifest.xml:26:22-94
19
20    <application
20-->src/main/AndroidManifest.xml:8:5-68:19
21        android:allowBackup="true"
21-->src/main/AndroidManifest.xml:9:9-35
22        android:appComponentFactory="androidx.core.app.CoreComponentFactory"
22-->[androidx.core:core:1.17.0] AndroidManifest.xml:28:18-86
23        android:debuggable="true"
24        android:extractNativeLibs="false"
25        android:icon="@drawable/ic_launcher"
25-->src/main/AndroidManifest.xml:10:9-45
26        android:label="@string/app_name"
26-->src/main/AndroidManifest.xml:11:9-41
27        android:theme="@style/Theme.xQuickSettings" >
27-->src/main/AndroidManifest.xml:12:9-52
28        <activity
28-->src/main/AndroidManifest.xml:14:9-21:20
29            android:name="com.xthan.xquicksettings.MainActivity"
29-->src/main/AndroidManifest.xml:15:13-41
30            android:exported="true" >
30-->src/main/AndroidManifest.xml:16:13-36
31            <intent-filter>
31-->src/main/AndroidManifest.xml:17:13-20:29
32                <action android:name="android.intent.action.MAIN" />
32-->src/main/AndroidManifest.xml:18:17-69
32-->src/main/AndroidManifest.xml:18:25-66
33
34                <category android:name="android.intent.category.LAUNCHER" />
34-->src/main/AndroidManifest.xml:19:17-77
34-->src/main/AndroidManifest.xml:19:27-74
35            </intent-filter>
36        </activity>
37
38        <!-- Invisible Volume Helper Activity -->
39        <activity
39-->src/main/AndroidManifest.xml:24:9-30:40
40            android:name="com.xthan.xquicksettings.VolumeHelperActivity"
40-->src/main/AndroidManifest.xml:25:13-49
41            android:excludeFromRecents="true"
41-->src/main/AndroidManifest.xml:27:13-46
42            android:exported="false"
42-->src/main/AndroidManifest.xml:30:13-37
43            android:noHistory="true"
43-->src/main/AndroidManifest.xml:28:13-37
44            android:taskAffinity=""
44-->src/main/AndroidManifest.xml:29:13-36
45            android:theme="@style/Theme.VolumeHelper" />
45-->src/main/AndroidManifest.xml:26:13-54
46
47        <!-- Volume Tile Service -->
48        <service
48-->src/main/AndroidManifest.xml:33:9-42:19
49            android:name="com.xthan.xquicksettings.VolumeTileService"
49-->src/main/AndroidManifest.xml:34:13-46
50            android:exported="true"
50-->src/main/AndroidManifest.xml:38:13-36
51            android:icon="@drawable/ic_volume_up"
51-->src/main/AndroidManifest.xml:35:13-50
52            android:label="@string/tile_volume_label"
52-->src/main/AndroidManifest.xml:36:13-54
53            android:permission="android.permission.BIND_QUICK_SETTINGS_TILE" >
53-->src/main/AndroidManifest.xml:37:13-77
54            <intent-filter>
54-->src/main/AndroidManifest.xml:39:13-41:29
55                <action android:name="android.service.quicksettings.action.QS_TILE" />
55-->src/main/AndroidManifest.xml:40:17-87
55-->src/main/AndroidManifest.xml:40:25-84
56            </intent-filter>
57        </service>
58
59        <!-- Navigation Mode Tile Service -->
60        <service
60-->src/main/AndroidManifest.xml:45:9-54:19
61            android:name="com.xthan.xquicksettings.NavigationTileService"
61-->src/main/AndroidManifest.xml:46:13-50
62            android:exported="true"
62-->src/main/AndroidManifest.xml:50:13-36
63            android:icon="@drawable/ic_settings_nav"
63-->src/main/AndroidManifest.xml:47:13-53
64            android:label="@string/tile_nav_label"
64-->src/main/AndroidManifest.xml:48:13-51
65            android:permission="android.permission.BIND_QUICK_SETTINGS_TILE" >
65-->src/main/AndroidManifest.xml:49:13-77
66            <intent-filter>
66-->src/main/AndroidManifest.xml:39:13-41:29
67                <action android:name="android.service.quicksettings.action.QS_TILE" />
67-->src/main/AndroidManifest.xml:40:17-87
67-->src/main/AndroidManifest.xml:40:25-84
68            </intent-filter>
69        </service>
70
71        <!-- Rotation Tile Service -->
72        <service
72-->src/main/AndroidManifest.xml:57:9-66:19
73            android:name="com.xthan.xquicksettings.RotationTileService"
73-->src/main/AndroidManifest.xml:58:13-48
74            android:exported="true"
74-->src/main/AndroidManifest.xml:62:13-36
75            android:icon="@drawable/ic_rotation_locked"
75-->src/main/AndroidManifest.xml:59:13-56
76            android:label="@string/tile_rotation_label"
76-->src/main/AndroidManifest.xml:60:13-56
77            android:permission="android.permission.BIND_QUICK_SETTINGS_TILE" >
77-->src/main/AndroidManifest.xml:61:13-77
78            <intent-filter>
78-->src/main/AndroidManifest.xml:39:13-41:29
79                <action android:name="android.service.quicksettings.action.QS_TILE" />
79-->src/main/AndroidManifest.xml:40:17-87
79-->src/main/AndroidManifest.xml:40:25-84
80            </intent-filter>
81        </service>
82
83        <provider
83-->[androidx.emoji2:emoji2:1.3.0] AndroidManifest.xml:24:9-32:20
84            android:name="androidx.startup.InitializationProvider"
84-->[androidx.emoji2:emoji2:1.3.0] AndroidManifest.xml:25:13-67
85            android:authorities="com.xthan.xquicksettings.androidx-startup"
85-->[androidx.emoji2:emoji2:1.3.0] AndroidManifest.xml:26:13-68
86            android:exported="false" >
86-->[androidx.emoji2:emoji2:1.3.0] AndroidManifest.xml:27:13-37
87            <meta-data
87-->[androidx.emoji2:emoji2:1.3.0] AndroidManifest.xml:29:13-31:52
88                android:name="androidx.emoji2.text.EmojiCompatInitializer"
88-->[androidx.emoji2:emoji2:1.3.0] AndroidManifest.xml:30:17-75
89                android:value="androidx.startup" />
89-->[androidx.emoji2:emoji2:1.3.0] AndroidManifest.xml:31:17-49
90            <meta-data
90-->[androidx.lifecycle:lifecycle-process:2.6.2] AndroidManifest.xml:29:13-31:52
91                android:name="androidx.lifecycle.ProcessLifecycleInitializer"
91-->[androidx.lifecycle:lifecycle-process:2.6.2] AndroidManifest.xml:30:17-78
92                android:value="androidx.startup" />
92-->[androidx.lifecycle:lifecycle-process:2.6.2] AndroidManifest.xml:31:17-49
93            <meta-data
93-->[androidx.profileinstaller:profileinstaller:1.4.0] AndroidManifest.xml:29:13-31:52
94                android:name="androidx.profileinstaller.ProfileInstallerInitializer"
94-->[androidx.profileinstaller:profileinstaller:1.4.0] AndroidManifest.xml:30:17-85
95                android:value="androidx.startup" />
95-->[androidx.profileinstaller:profileinstaller:1.4.0] AndroidManifest.xml:31:17-49
96        </provider>
97
98        <receiver
98-->[androidx.profileinstaller:profileinstaller:1.4.0] AndroidManifest.xml:34:9-52:20
99            android:name="androidx.profileinstaller.ProfileInstallReceiver"
99-->[androidx.profileinstaller:profileinstaller:1.4.0] AndroidManifest.xml:35:13-76
100            android:directBootAware="false"
100-->[androidx.profileinstaller:profileinstaller:1.4.0] AndroidManifest.xml:36:13-44
101            android:enabled="true"
101-->[androidx.profileinstaller:profileinstaller:1.4.0] AndroidManifest.xml:37:13-35
102            android:exported="true"
102-->[androidx.profileinstaller:profileinstaller:1.4.0] AndroidManifest.xml:38:13-36
103            android:permission="android.permission.DUMP" >
103-->[androidx.profileinstaller:profileinstaller:1.4.0] AndroidManifest.xml:39:13-57
104            <intent-filter>
104-->[androidx.profileinstaller:profileinstaller:1.4.0] AndroidManifest.xml:40:13-42:29
105                <action android:name="androidx.profileinstaller.action.INSTALL_PROFILE" />
105-->[androidx.profileinstaller:profileinstaller:1.4.0] AndroidManifest.xml:41:17-91
105-->[androidx.profileinstaller:profileinstaller:1.4.0] AndroidManifest.xml:41:25-88
106            </intent-filter>
107            <intent-filter>
107-->[androidx.profileinstaller:profileinstaller:1.4.0] AndroidManifest.xml:43:13-45:29
108                <action android:name="androidx.profileinstaller.action.SKIP_FILE" />
108-->[androidx.profileinstaller:profileinstaller:1.4.0] AndroidManifest.xml:44:17-85
108-->[androidx.profileinstaller:profileinstaller:1.4.0] AndroidManifest.xml:44:25-82
109            </intent-filter>
110            <intent-filter>
110-->[androidx.profileinstaller:profileinstaller:1.4.0] AndroidManifest.xml:46:13-48:29
111                <action android:name="androidx.profileinstaller.action.SAVE_PROFILE" />
111-->[androidx.profileinstaller:profileinstaller:1.4.0] AndroidManifest.xml:47:17-88
111-->[androidx.profileinstaller:profileinstaller:1.4.0] AndroidManifest.xml:47:25-85
112            </intent-filter>
113            <intent-filter>
113-->[androidx.profileinstaller:profileinstaller:1.4.0] AndroidManifest.xml:49:13-51:29
114                <action android:name="androidx.profileinstaller.action.BENCHMARK_OPERATION" />
114-->[androidx.profileinstaller:profileinstaller:1.4.0] AndroidManifest.xml:50:17-95
114-->[androidx.profileinstaller:profileinstaller:1.4.0] AndroidManifest.xml:50:25-92
115            </intent-filter>
116        </receiver>
117    </application>
118
119</manifest>